<?xml version="1.0" encoding="UTF-8"?>
<!-- Generated by org.testng.reporters.JUnitReportReporter -->
<testsuite hostname="LAPTOP-SJGGA6RV" failures="0" tests="3" name="com.bank.main.TestNG1" time="0.022" errors="0" timestamp="2025-07-22T20:54:10 IST" skipped="0">
  <testcase classname="com.bank.main.TestNG1" name="a6" time="0.003"/>
  <testcase classname="com.bank.main.TestNG1" name="a6" time="0.016"/>
  <testcase classname="com.bank.main.TestNG1" name="a1" time="0.003"/>
</testsuite> <!-- com.bank.main.TestNG1 -->
